<?xml version="1.0" encoding="UTF-8"?>
<!-- Generated by org.testng.reporters.JUnitXMLReporter -->
<testsuite hostname="LAPTOP-IR8V666I" ignored="0" name="Default test" tests="5" failures="0" timestamp="2021-11-04T15:58:58 CET" time="0.093" errors="0">
  <testcase name="@BeforeTest initialize" time="0.012" classname="finalProject.mm.SmokeTest">
    <failure type="java.lang.NullPointerException">
      <![CDATA[java.lang.NullPointerException
at finalProject.mm.Base.initialiseDriver(Base.java:32)
at finalProject.mm.SmokeTest.initialize(SmokeTest.java:26)
at sun.reflect.NativeMethodAccessorImpl.invoke0(Native Method)
at sun.reflect.NativeMethodAccessorImpl.invoke(NativeMethodAccessorImpl.java:62)
at sun.reflect.DelegatingMethodAccessorImpl.invoke(DelegatingMethodAccessorImpl.java:43)
at java.lang.reflect.Method.invoke(Method.java:498)
at org.testng.internal.MethodInvocationHelper.invokeMethod(MethodInvocationHelper.java:133)
at org.testng.internal.MethodInvocationHelper.invokeMethodConsideringTimeout(MethodInvocationHelper.java:62)
at org.testng.internal.ConfigInvoker.invokeConfigurationMethod(ConfigInvoker.java:385)
at org.testng.internal.ConfigInvoker.invokeConfigurations(ConfigInvoker.java:321)
at org.testng.TestRunner.invokeTestConfigurations(TestRunner.java:637)
at org.testng.TestRunner.beforeRun(TestRunner.java:627)
at org.testng.TestRunner.run(TestRunner.java:589)
at org.testng.SuiteRunner.runTest(SuiteRunner.java:377)
at org.testng.SuiteRunner.runSequentially(SuiteRunner.java:371)
at org.testng.SuiteRunner.privateRun(SuiteRunner.java:332)
at org.testng.SuiteRunner.run(SuiteRunner.java:276)
at org.testng.SuiteRunnerWorker.runSuite(SuiteRunnerWorker.java:53)
at org.testng.SuiteRunnerWorker.run(SuiteRunnerWorker.java:96)
at org.testng.TestNG.runSuitesSequentially(TestNG.java:1212)
at org.testng.TestNG.runSuitesLocally(TestNG.java:1134)
at org.testng.TestNG.runSuites(TestNG.java:1063)
at org.testng.TestNG.run(TestNG.java:1031)
at org.testng.remote.AbstractRemoteTestNG.run(AbstractRemoteTestNG.java:115)
at org.testng.remote.RemoteTestNG.initAndRun(RemoteTestNG.java:251)
at org.testng.remote.RemoteTestNG.main(RemoteTestNG.java:77)
]]>
    </failure>
  </testcase> <!-- @BeforeTest initialize -->
  <testcase name="@AfterTest closeBrowser" time="-1.636037938909E9" classname="finalProject.mm.SmokeTest">
    <skipped/>
  </testcase> <!-- @AfterTest closeBrowser -->
  <testcase name="basePageNavigation" time="0.0" classname="finalProject.mm.SmokeTest">
    <skipped/>
  </testcase> <!-- basePageNavigation -->
  <testcase name="basePageNavigation" time="0.0" classname="finalProject.mm.SmokeTest">
    <skipped/>
  </testcase> <!-- basePageNavigation -->
  <testcase name="logJavaScriptErrors" time="0.0" classname="finalProject.mm.SmokeTest">
    <skipped/>
  </testcase> <!-- logJavaScriptErrors -->
  <testcase name="verifyFeaturedCoursesPresent" time="0.0" classname="finalProject.mm.SmokeTest">
    <skipped/>
  </testcase> <!-- verifyFeaturedCoursesPresent -->
  <testcase name="verifyNavigationBar" time="0.0" classname="finalProject.mm.SmokeTest">
    <skipped/>
  </testcase> <!-- verifyNavigationBar -->
</testsuite> <!-- Default test -->
