<?xml version="1.0" encoding="UTF-8"?>
<!-- Generated by org.testng.reporters.JUnitXMLReporter -->
<testsuite ignored="0" hostname="LAPTOP-IR8V666I" failures="0" tests="4" name="Test" time="26.914" errors="0" timestamp="2021-10-19T21:51:25 CEST">
  <testcase classname="finalProject.mm.SmokeTest" name="basePageNavigation" time="19.945"/>
  <testcase classname="finalProject.mm.SmokeTest" name="basePageNavigation" time="2.118"/>
  <testcase classname="finalProject.mm.SmokeTest" name="verifyFeaturedCoursesPresent" time="1.307"/>
  <testcase classname="finalProject.mm.SmokeTest" name="verifyNavigationBar" time="1.267"/>
</testsuite> <!-- Test -->
