<?xml version="1.0" encoding="UTF-8"?>
<testng-results ignored="0" total="4" passed="4" failed="0" skipped="0">
  <reporter-output>
  </reporter-output>
  <suite started-at="2021-10-19T21:50:58 CEST" name="Suite" finished-at="2021-10-19T21:51:25 CEST" duration-ms="26914">
    <groups>
    </groups>
    <test started-at="2021-10-19T21:50:58 CEST" name="Test" finished-at="2021-10-19T21:51:25 CEST" duration-ms="26914">
      <class name="finalProject.mm.SmokeTest">
        <test-method is-config="true" signature="initialize()[pri:0, instance:finalProject.mm.SmokeTest@7d42c224]" started-at="2021-10-19T21:50:58 CEST" name="initialize" finished-at="2021-10-19T21:51:00 CEST" duration-ms="2179" status="PASS">
          <reporter-output>
          </reporter-output>
        </test-method> <!-- initialize -->
        <test-method signature="basePageNavigation(java.lang.String,java.lang.String)[pri:0, instance:finalProject.mm.SmokeTest@7d42c224]" started-at="2021-10-19T21:51:01 CEST" name="basePageNavigation" data-provider="getData" finished-at="2021-10-19T21:51:20 CEST" duration-ms="19945" status="PASS">
          <params>
            <param index="0">
              <value>
                <![CDATA[username1]]>
              </value>
            </param>
            <param index="1">
              <value>
                <![CDATA[password1]]>
              </value>
            </param>
          </params>
          <reporter-output>
          </reporter-output>
        </test-method> <!-- basePageNavigation -->
        <test-method signature="basePageNavigation(java.lang.String,java.lang.String)[pri:0, instance:finalProject.mm.SmokeTest@7d42c224]" started-at="2021-10-19T21:51:20 CEST" name="basePageNavigation" data-provider="getData" finished-at="2021-10-19T21:51:23 CEST" duration-ms="2118" status="PASS">
          <params>
            <param index="0">
              <value>
                <![CDATA[username2]]>
              </value>
            </param>
            <param index="1">
              <value>
                <![CDATA[password2]]>
              </value>
            </param>
          </params>
          <reporter-output>
          </reporter-output>
        </test-method> <!-- basePageNavigation -->
        <test-method signature="verifyFeaturedCoursesPresent()[pri:0, instance:finalProject.mm.SmokeTest@7d42c224]" started-at="2021-10-19T21:51:23 CEST" name="verifyFeaturedCoursesPresent" finished-at="2021-10-19T21:51:24 CEST" duration-ms="1307" status="PASS">
          <reporter-output>
          </reporter-output>
        </test-method> <!-- verifyFeaturedCoursesPresent -->
        <test-method signature="verifyNavigationBar()[pri:0, instance:finalProject.mm.SmokeTest@7d42c224]" started-at="2021-10-19T21:51:24 CEST" name="verifyNavigationBar" finished-at="2021-10-19T21:51:25 CEST" duration-ms="1267" status="PASS">
          <reporter-output>
          </reporter-output>
        </test-method> <!-- verifyNavigationBar -->
        <test-method is-config="true" signature="closeBrowser()[pri:0, instance:finalProject.mm.SmokeTest@7d42c224]" started-at="2021-10-19T21:51:25 CEST" name="closeBrowser" finished-at="2021-10-19T21:51:25 CEST" duration-ms="39" status="PASS">
          <reporter-output>
          </reporter-output>
        </test-method> <!-- closeBrowser -->
      </class> <!-- finalProject.mm.SmokeTest -->
    </test> <!-- Test -->
  </suite> <!-- Suite -->
</testng-results>
